[2022-01-30 16:17:15,880] DEBUG preRegister called. Server=com.sun.jmx.mbeanserver.JmxMBeanServer@46f5f779, name=log4j:logger=kafka.controller (kafka.controller)
[2022-01-30 16:17:32,341] INFO [ControllerEventThread controllerId=0] Starting (kafka.controller.ControllerEventManager$ControllerEventThread)
[2022-01-30 16:17:32,375] INFO [Controller id=0] 0 successfully elected as the controller. Epoch incremented to 1 and epoch zk version is now 1 (kafka.controller.KafkaController)
[2022-01-30 16:17:32,383] INFO [Controller id=0] Creating FeatureZNode at path: /feature with contents: FeatureZNode(Enabled,Features{}) (kafka.controller.KafkaController)
[2022-01-30 16:17:32,425] INFO [Controller id=0] Registering handlers (kafka.controller.KafkaController)
[2022-01-30 16:17:32,430] INFO [Controller id=0] Deleting log dir event notifications (kafka.controller.KafkaController)
[2022-01-30 16:17:32,434] INFO [Controller id=0] Deleting isr change notifications (kafka.controller.KafkaController)
[2022-01-30 16:17:32,442] INFO [Controller id=0] Initializing controller context (kafka.controller.KafkaController)
[2022-01-30 16:17:32,483] INFO [Controller id=0] Initialized broker epochs cache: HashMap(0 -> 25) (kafka.controller.KafkaController)
[2022-01-30 16:17:32,493] DEBUG [Controller id=0] Register BrokerModifications handler for Set(0) (kafka.controller.KafkaController)
[2022-01-30 16:17:32,501] DEBUG [Channel manager on controller 0]: Controller 0 trying to connect to broker 0 (kafka.controller.ControllerChannelManager)
[2022-01-30 16:17:32,523] INFO [Controller id=0] Currently active brokers in the cluster: Set(0) (kafka.controller.KafkaController)
[2022-01-30 16:17:32,523] INFO [Controller id=0] Currently shutting brokers in the cluster: HashSet() (kafka.controller.KafkaController)
[2022-01-30 16:17:32,524] INFO [Controller id=0] Current list of topics in the cluster: HashSet() (kafka.controller.KafkaController)
[2022-01-30 16:17:32,524] INFO [Controller id=0] Fetching topic deletions in progress (kafka.controller.KafkaController)
[2022-01-30 16:17:32,529] INFO [RequestSendThread controllerId=0] Starting (kafka.controller.RequestSendThread)
[2022-01-30 16:17:32,535] INFO [Controller id=0] List of topics to be deleted:  (kafka.controller.KafkaController)
[2022-01-30 16:17:32,538] INFO [Controller id=0] List of topics ineligible for deletion:  (kafka.controller.KafkaController)
[2022-01-30 16:17:32,539] INFO [Controller id=0] Initializing topic deletion manager (kafka.controller.KafkaController)
[2022-01-30 16:17:32,541] INFO [Topic Deletion Manager 0] Initializing manager with initial deletions: Set(), initial ineligible deletions: HashSet() (kafka.controller.TopicDeletionManager)
[2022-01-30 16:17:32,542] INFO [Controller id=0] Sending update metadata request (kafka.controller.KafkaController)
[2022-01-30 16:17:32,561] INFO [ReplicaStateMachine controllerId=0] Initializing replica state (kafka.controller.ZkReplicaStateMachine)
[2022-01-30 16:17:32,562] INFO [ReplicaStateMachine controllerId=0] Triggering online replica state changes (kafka.controller.ZkReplicaStateMachine)
[2022-01-30 16:17:32,567] INFO [ReplicaStateMachine controllerId=0] Triggering offline replica state changes (kafka.controller.ZkReplicaStateMachine)
[2022-01-30 16:17:32,568] DEBUG [ReplicaStateMachine controllerId=0] Started replica state machine with initial state -> HashMap() (kafka.controller.ZkReplicaStateMachine)
[2022-01-30 16:17:32,568] INFO [PartitionStateMachine controllerId=0] Initializing partition state (kafka.controller.ZkPartitionStateMachine)
[2022-01-30 16:17:32,573] INFO [RequestSendThread controllerId=0] Controller 0 connected to shandilya-notebook:9092 (id: 0 rack: null) for sending state change requests (kafka.controller.RequestSendThread)
[2022-01-30 16:17:32,580] INFO [PartitionStateMachine controllerId=0] Triggering online partition state changes (kafka.controller.ZkPartitionStateMachine)
[2022-01-30 16:17:32,610] DEBUG [PartitionStateMachine controllerId=0] Started partition state machine with initial state -> HashMap() (kafka.controller.ZkPartitionStateMachine)
[2022-01-30 16:17:32,610] INFO [Controller id=0] Ready to serve as the new controller with epoch 1 (kafka.controller.KafkaController)
[2022-01-30 16:17:32,623] INFO [Controller id=0] Partitions undergoing preferred replica election:  (kafka.controller.KafkaController)
[2022-01-30 16:17:32,624] INFO [Controller id=0] Partitions that completed preferred replica election:  (kafka.controller.KafkaController)
[2022-01-30 16:17:32,624] INFO [Controller id=0] Skipping preferred replica election for partitions due to topic deletion:  (kafka.controller.KafkaController)
[2022-01-30 16:17:32,624] INFO [Controller id=0] Resuming preferred replica election for partitions:  (kafka.controller.KafkaController)
[2022-01-30 16:17:32,626] INFO [Controller id=0] Starting replica leader election (PREFERRED) for partitions  triggered by ZkTriggered (kafka.controller.KafkaController)
[2022-01-30 16:17:32,665] INFO [Controller id=0] Starting the controller scheduler (kafka.controller.KafkaController)
[2022-01-30 16:17:37,671] INFO [Controller id=0] Processing automatic preferred replica leader election (kafka.controller.KafkaController)
[2022-01-30 16:17:37,673] TRACE [Controller id=0] Checking need to trigger auto leader balancing (kafka.controller.KafkaController)
[2022-01-30 16:18:21,269] INFO [Controller id=0] New topics: [Set(python-tester)], deleted topics: [HashSet()], new partition replica assignment [Set(TopicIdReplicaAssignment(python-tester,Some(yM4vWkuETQOujP8OXQMrKw),Map(python-tester-0 -> ReplicaAssignment(replicas=0, addingReplicas=, removingReplicas=))))] (kafka.controller.KafkaController)
[2022-01-30 16:18:21,269] INFO [Controller id=0] New partition creation callback for python-tester-0 (kafka.controller.KafkaController)
[2022-01-30 16:22:37,677] INFO [Controller id=0] Processing automatic preferred replica leader election (kafka.controller.KafkaController)
[2022-01-30 16:22:37,678] TRACE [Controller id=0] Checking need to trigger auto leader balancing (kafka.controller.KafkaController)
[2022-01-30 16:22:37,683] DEBUG [Controller id=0] Topics not in preferred replica for broker 0 Map() (kafka.controller.KafkaController)
[2022-01-30 16:22:37,685] TRACE [Controller id=0] Leader imbalance ratio for broker 0 is 0.0 (kafka.controller.KafkaController)
[2022-01-30 16:27:37,686] INFO [Controller id=0] Processing automatic preferred replica leader election (kafka.controller.KafkaController)
[2022-01-30 16:27:37,687] TRACE [Controller id=0] Checking need to trigger auto leader balancing (kafka.controller.KafkaController)
[2022-01-30 16:27:37,687] DEBUG [Controller id=0] Topics not in preferred replica for broker 0 Map() (kafka.controller.KafkaController)
[2022-01-30 16:27:37,688] TRACE [Controller id=0] Leader imbalance ratio for broker 0 is 0.0 (kafka.controller.KafkaController)
[2022-01-30 16:32:37,688] INFO [Controller id=0] Processing automatic preferred replica leader election (kafka.controller.KafkaController)
[2022-01-30 16:32:37,689] TRACE [Controller id=0] Checking need to trigger auto leader balancing (kafka.controller.KafkaController)
[2022-01-30 16:32:37,690] DEBUG [Controller id=0] Topics not in preferred replica for broker 0 Map() (kafka.controller.KafkaController)
[2022-01-30 16:32:37,690] TRACE [Controller id=0] Leader imbalance ratio for broker 0 is 0.0 (kafka.controller.KafkaController)
[2022-01-30 16:33:34,554] INFO [Controller id=0] Shutting down broker 0 (kafka.controller.KafkaController)
[2022-01-30 16:33:34,555] DEBUG [Controller id=0] All shutting down brokers: 0 (kafka.controller.KafkaController)
[2022-01-30 16:33:34,555] DEBUG [Controller id=0] Live brokers:  (kafka.controller.KafkaController)
[2022-01-30 16:33:34,558] TRACE [Controller id=0] All leaders = python-tester-0 -> (Leader:0,ISR:0,LeaderEpoch:0,ZkVersion:0,ControllerEpoch:1) (kafka.controller.KafkaController)
[2022-01-30 16:33:35,642] INFO [ControllerEventThread controllerId=0] Shutting down (kafka.controller.ControllerEventManager$ControllerEventThread)
[2022-01-30 16:33:35,643] INFO [ControllerEventThread controllerId=0] Shutdown completed (kafka.controller.ControllerEventManager$ControllerEventThread)
[2022-01-30 16:33:35,643] INFO [ControllerEventThread controllerId=0] Stopped (kafka.controller.ControllerEventManager$ControllerEventThread)
[2022-01-30 16:33:35,643] DEBUG [Controller id=0] Resigning (kafka.controller.KafkaController)
[2022-01-30 16:33:35,644] DEBUG [Controller id=0] Unregister BrokerModifications handler for Set(0) (kafka.controller.KafkaController)
[2022-01-30 16:33:35,645] INFO [PartitionStateMachine controllerId=0] Stopped partition state machine (kafka.controller.ZkPartitionStateMachine)
[2022-01-30 16:33:35,646] INFO [ReplicaStateMachine controllerId=0] Stopped replica state machine (kafka.controller.ZkReplicaStateMachine)
[2022-01-30 16:33:35,646] INFO [RequestSendThread controllerId=0] Shutting down (kafka.controller.RequestSendThread)
[2022-01-30 16:33:35,647] INFO [RequestSendThread controllerId=0] Shutdown completed (kafka.controller.RequestSendThread)
[2022-01-30 16:33:35,647] INFO [RequestSendThread controllerId=0] Stopped (kafka.controller.RequestSendThread)
[2022-01-30 16:33:35,648] INFO [Controller id=0] Resigned (kafka.controller.KafkaController)
[2022-01-30 16:34:08,360] DEBUG preRegister called. Server=com.sun.jmx.mbeanserver.JmxMBeanServer@46f5f779, name=log4j:logger=kafka.controller (kafka.controller)
[2022-01-30 16:36:18,908] DEBUG preRegister called. Server=com.sun.jmx.mbeanserver.JmxMBeanServer@46f5f779, name=log4j:logger=kafka.controller (kafka.controller)
[2022-01-30 16:39:40,571] DEBUG preRegister called. Server=com.sun.jmx.mbeanserver.JmxMBeanServer@46f5f779, name=log4j:logger=kafka.controller (kafka.controller)
[2022-01-30 16:39:42,983] INFO [ControllerEventThread controllerId=0] Starting (kafka.controller.ControllerEventManager$ControllerEventThread)
[2022-01-30 16:39:43,014] INFO [Controller id=0] 0 successfully elected as the controller. Epoch incremented to 2 and epoch zk version is now 2 (kafka.controller.KafkaController)
[2022-01-30 16:39:43,017] INFO [Controller id=0] Registering handlers (kafka.controller.KafkaController)
[2022-01-30 16:39:43,024] INFO [Controller id=0] Deleting log dir event notifications (kafka.controller.KafkaController)
[2022-01-30 16:39:43,028] INFO [Controller id=0] Deleting isr change notifications (kafka.controller.KafkaController)
[2022-01-30 16:39:43,033] INFO [Controller id=0] Initializing controller context (kafka.controller.KafkaController)
[2022-01-30 16:39:43,051] INFO [Controller id=0] Initialized broker epochs cache: HashMap(0 -> 69) (kafka.controller.KafkaController)
[2022-01-30 16:39:43,103] DEBUG [Controller id=0] Register BrokerModifications handler for Set(0) (kafka.controller.KafkaController)
[2022-01-30 16:39:43,132] DEBUG [Channel manager on controller 0]: Controller 0 trying to connect to broker 0 (kafka.controller.ControllerChannelManager)
[2022-01-30 16:39:43,155] INFO [Controller id=0] Currently active brokers in the cluster: Set(0) (kafka.controller.KafkaController)
[2022-01-30 16:39:43,155] INFO [Controller id=0] Currently shutting brokers in the cluster: HashSet() (kafka.controller.KafkaController)
[2022-01-30 16:39:43,156] INFO [Controller id=0] Current list of topics in the cluster: HashSet(python-tester) (kafka.controller.KafkaController)
[2022-01-30 16:39:43,156] INFO [Controller id=0] Fetching topic deletions in progress (kafka.controller.KafkaController)
[2022-01-30 16:39:43,162] INFO [RequestSendThread controllerId=0] Starting (kafka.controller.RequestSendThread)
[2022-01-30 16:39:43,169] INFO [Controller id=0] List of topics to be deleted:  (kafka.controller.KafkaController)
[2022-01-30 16:39:43,170] INFO [Controller id=0] List of topics ineligible for deletion:  (kafka.controller.KafkaController)
[2022-01-30 16:39:43,170] INFO [Controller id=0] Initializing topic deletion manager (kafka.controller.KafkaController)
[2022-01-30 16:39:43,171] INFO [Topic Deletion Manager 0] Initializing manager with initial deletions: Set(), initial ineligible deletions: HashSet() (kafka.controller.TopicDeletionManager)
[2022-01-30 16:39:43,172] INFO [Controller id=0] Sending update metadata request (kafka.controller.KafkaController)
[2022-01-30 16:39:43,188] INFO [ReplicaStateMachine controllerId=0] Initializing replica state (kafka.controller.ZkReplicaStateMachine)
[2022-01-30 16:39:43,194] INFO [ReplicaStateMachine controllerId=0] Triggering online replica state changes (kafka.controller.ZkReplicaStateMachine)
[2022-01-30 16:39:43,202] INFO [RequestSendThread controllerId=0] Controller 0 connected to shandilya-notebook:9092 (id: 0 rack: null) for sending state change requests (kafka.controller.RequestSendThread)
[2022-01-30 16:39:43,244] INFO [ReplicaStateMachine controllerId=0] Triggering offline replica state changes (kafka.controller.ZkReplicaStateMachine)
[2022-01-30 16:39:43,244] DEBUG [ReplicaStateMachine controllerId=0] Started replica state machine with initial state -> HashMap([Topic=python-tester,Partition=0,Replica=0] -> OnlineReplica) (kafka.controller.ZkReplicaStateMachine)
[2022-01-30 16:39:43,245] INFO [PartitionStateMachine controllerId=0] Initializing partition state (kafka.controller.ZkPartitionStateMachine)
[2022-01-30 16:39:43,256] INFO [PartitionStateMachine controllerId=0] Triggering online partition state changes (kafka.controller.ZkPartitionStateMachine)
[2022-01-30 16:39:43,258] DEBUG [PartitionStateMachine controllerId=0] Started partition state machine with initial state -> HashMap(python-tester-0 -> OnlinePartition) (kafka.controller.ZkPartitionStateMachine)
[2022-01-30 16:39:43,258] INFO [Controller id=0] Ready to serve as the new controller with epoch 2 (kafka.controller.KafkaController)
[2022-01-30 16:39:43,271] INFO [Controller id=0] Partitions undergoing preferred replica election:  (kafka.controller.KafkaController)
[2022-01-30 16:39:43,272] INFO [Controller id=0] Partitions that completed preferred replica election:  (kafka.controller.KafkaController)
[2022-01-30 16:39:43,272] INFO [Controller id=0] Skipping preferred replica election for partitions due to topic deletion:  (kafka.controller.KafkaController)
[2022-01-30 16:39:43,273] INFO [Controller id=0] Resuming preferred replica election for partitions:  (kafka.controller.KafkaController)
[2022-01-30 16:39:43,274] INFO [Controller id=0] Starting replica leader election (PREFERRED) for partitions  triggered by ZkTriggered (kafka.controller.KafkaController)
[2022-01-30 16:39:43,295] INFO [Controller id=0] Starting the controller scheduler (kafka.controller.KafkaController)
[2022-01-30 16:39:48,296] INFO [Controller id=0] Processing automatic preferred replica leader election (kafka.controller.KafkaController)
[2022-01-30 16:39:48,297] TRACE [Controller id=0] Checking need to trigger auto leader balancing (kafka.controller.KafkaController)
[2022-01-30 16:39:48,301] DEBUG [Controller id=0] Topics not in preferred replica for broker 0 Map() (kafka.controller.KafkaController)
[2022-01-30 16:39:48,302] TRACE [Controller id=0] Leader imbalance ratio for broker 0 is 0.0 (kafka.controller.KafkaController)
[2022-01-30 16:40:25,672] INFO [Controller id=0] Shutting down broker 0 (kafka.controller.KafkaController)
[2022-01-30 16:40:25,672] DEBUG [Controller id=0] All shutting down brokers: 0 (kafka.controller.KafkaController)
[2022-01-30 16:40:25,673] DEBUG [Controller id=0] Live brokers:  (kafka.controller.KafkaController)
[2022-01-30 16:40:25,676] TRACE [Controller id=0] All leaders = python-tester-0 -> (Leader:0,ISR:0,LeaderEpoch:0,ZkVersion:0,ControllerEpoch:1) (kafka.controller.KafkaController)
[2022-01-30 16:40:26,543] INFO [ControllerEventThread controllerId=0] Shutting down (kafka.controller.ControllerEventManager$ControllerEventThread)
[2022-01-30 16:40:26,543] INFO [ControllerEventThread controllerId=0] Shutdown completed (kafka.controller.ControllerEventManager$ControllerEventThread)
[2022-01-30 16:40:26,543] INFO [ControllerEventThread controllerId=0] Stopped (kafka.controller.ControllerEventManager$ControllerEventThread)
[2022-01-30 16:40:26,544] DEBUG [Controller id=0] Resigning (kafka.controller.KafkaController)
[2022-01-30 16:40:26,545] DEBUG [Controller id=0] Unregister BrokerModifications handler for Set(0) (kafka.controller.KafkaController)
[2022-01-30 16:40:26,546] INFO [PartitionStateMachine controllerId=0] Stopped partition state machine (kafka.controller.ZkPartitionStateMachine)
[2022-01-30 16:40:26,547] INFO [ReplicaStateMachine controllerId=0] Stopped replica state machine (kafka.controller.ZkReplicaStateMachine)
[2022-01-30 16:40:26,547] INFO [RequestSendThread controllerId=0] Shutting down (kafka.controller.RequestSendThread)
[2022-01-30 16:40:26,548] INFO [RequestSendThread controllerId=0] Shutdown completed (kafka.controller.RequestSendThread)
[2022-01-30 16:40:26,548] INFO [RequestSendThread controllerId=0] Stopped (kafka.controller.RequestSendThread)
[2022-01-30 16:40:26,549] INFO [Controller id=0] Resigned (kafka.controller.KafkaController)
