[2022-01-30 16:17:32,548] INFO [Controller id=0 epoch=1] Sending UpdateMetadata request to brokers HashSet(0) for 0 partitions (state.change.logger)
[2022-01-30 16:18:21,273] INFO [Controller id=0 epoch=1] Changed partition python-tester-0 state from NonExistentPartition to NewPartition with assigned replicas 0 (state.change.logger)
[2022-01-30 16:18:21,273] INFO [Controller id=0 epoch=1] Sending UpdateMetadata request to brokers HashSet() for 0 partitions (state.change.logger)
[2022-01-30 16:18:21,278] INFO [Controller id=0 epoch=1] Sending UpdateMetadata request to brokers HashSet() for 0 partitions (state.change.logger)
[2022-01-30 16:18:21,304] INFO [Controller id=0 epoch=1] Changed partition python-tester-0 from NewPartition to OnlinePartition with state LeaderAndIsr(leader=0, leaderEpoch=0, isr=List(0), zkVersion=0) (state.change.logger)
[2022-01-30 16:18:21,306] INFO [Controller id=0 epoch=1] Sending LeaderAndIsr request to broker 0 with 1 become-leader and 0 become-follower partitions (state.change.logger)
[2022-01-30 16:18:21,308] INFO [Controller id=0 epoch=1] Sending UpdateMetadata request to brokers HashSet(0) for 1 partitions (state.change.logger)
[2022-01-30 16:18:21,309] INFO [Controller id=0 epoch=1] Sending UpdateMetadata request to brokers HashSet() for 0 partitions (state.change.logger)
[2022-01-30 16:18:21,313] INFO [Broker id=0] Handling LeaderAndIsr request correlationId 1 from controller 0 for 1 partitions (state.change.logger)
[2022-01-30 16:18:21,330] INFO [Broker id=0] Stopped fetchers as part of LeaderAndIsr request correlationId 1 from controller 0 epoch 1 as part of the become-leader transition for 1 partitions (state.change.logger)
[2022-01-30 16:18:21,414] INFO [Broker id=0] Leader python-tester-0 starts at leader epoch 0 from offset 0 with high watermark 0 ISR [0] addingReplicas [] removingReplicas []. Previous leader epoch was -1. (state.change.logger)
[2022-01-30 16:18:21,521] INFO [Broker id=0] Finished LeaderAndIsr request in 209ms correlationId 1 from controller 0 for 1 partitions (state.change.logger)
[2022-01-30 16:18:21,532] INFO [Broker id=0] Add 1 partitions and deleted 0 partitions from metadata cache in response to UpdateMetadata request sent by controller 0 epoch 1 with correlation id 2 (state.change.logger)
[2022-01-30 16:33:34,557] INFO [Controller id=0 epoch=1] Sending UpdateMetadata request to brokers HashSet() for 0 partitions (state.change.logger)
[2022-01-30 16:39:43,176] INFO [Controller id=0 epoch=2] Sending UpdateMetadata request to brokers HashSet(0) for 0 partitions (state.change.logger)
[2022-01-30 16:39:43,240] INFO [Controller id=0 epoch=2] Sending LeaderAndIsr request to broker 0 with 1 become-leader and 0 become-follower partitions (state.change.logger)
[2022-01-30 16:39:43,243] INFO [Controller id=0 epoch=2] Sending UpdateMetadata request to brokers HashSet(0) for 1 partitions (state.change.logger)
[2022-01-30 16:39:43,324] INFO [Broker id=0] Handling LeaderAndIsr request correlationId 1 from controller 0 for 1 partitions (state.change.logger)
[2022-01-30 16:39:43,351] INFO [Broker id=0] Stopped fetchers as part of LeaderAndIsr request correlationId 1 from controller 0 epoch 2 as part of the become-leader transition for 1 partitions (state.change.logger)
[2022-01-30 16:39:43,364] INFO [Broker id=0] Leader python-tester-0 starts at leader epoch 0 from offset 28194 with high watermark 28194 ISR [0] addingReplicas [] removingReplicas []. Previous leader epoch was -1. (state.change.logger)
[2022-01-30 16:39:43,380] INFO [Broker id=0] Finished LeaderAndIsr request in 57ms correlationId 1 from controller 0 for 1 partitions (state.change.logger)
[2022-01-30 16:39:43,391] INFO [Broker id=0] Add 1 partitions and deleted 0 partitions from metadata cache in response to UpdateMetadata request sent by controller 0 epoch 2 with correlation id 2 (state.change.logger)
[2022-01-30 16:40:25,675] INFO [Controller id=0 epoch=2] Sending UpdateMetadata request to brokers HashSet() for 0 partitions (state.change.logger)
