[2022-01-30 16:39:40,538] INFO Reading configuration from: kafka_2.13-3.1.0/config/zookeeper.properties (org.apache.zookeeper.server.quorum.QuorumPeerConfig)
[2022-01-30 16:39:40,540] WARN kafka_2.13-3.1.0/config/zookeeper.properties is relative. Prepend ./ to indicate that you're sure! (org.apache.zookeeper.server.quorum.QuorumPeerConfig)
[2022-01-30 16:39:40,549] INFO clientPortAddress is 0.0.0.0:2181 (org.apache.zookeeper.server.quorum.QuorumPeerConfig)
[2022-01-30 16:39:40,549] INFO secureClientPort is not set (org.apache.zookeeper.server.quorum.QuorumPeerConfig)
[2022-01-30 16:39:40,549] INFO observerMasterPort is not set (org.apache.zookeeper.server.quorum.QuorumPeerConfig)
[2022-01-30 16:39:40,549] INFO metricsProvider.className is org.apache.zookeeper.metrics.impl.DefaultMetricsProvider (org.apache.zookeeper.server.quorum.QuorumPeerConfig)
[2022-01-30 16:39:40,552] INFO autopurge.snapRetainCount set to 3 (org.apache.zookeeper.server.DatadirCleanupManager)
[2022-01-30 16:39:40,552] INFO autopurge.purgeInterval set to 0 (org.apache.zookeeper.server.DatadirCleanupManager)
[2022-01-30 16:39:40,552] INFO Purge task is not scheduled. (org.apache.zookeeper.server.DatadirCleanupManager)
[2022-01-30 16:39:40,552] WARN Either no config or no quorum defined in config, running in standalone mode (org.apache.zookeeper.server.quorum.QuorumPeerMain)
[2022-01-30 16:39:40,558] INFO Log4j 1.2 jmx support found and enabled. (org.apache.zookeeper.jmx.ManagedUtil)
[2022-01-30 16:39:40,576] INFO Reading configuration from: kafka_2.13-3.1.0/config/zookeeper.properties (org.apache.zookeeper.server.quorum.QuorumPeerConfig)
[2022-01-30 16:39:40,576] WARN kafka_2.13-3.1.0/config/zookeeper.properties is relative. Prepend ./ to indicate that you're sure! (org.apache.zookeeper.server.quorum.QuorumPeerConfig)
[2022-01-30 16:39:40,576] INFO clientPortAddress is 0.0.0.0:2181 (org.apache.zookeeper.server.quorum.QuorumPeerConfig)
[2022-01-30 16:39:40,576] INFO secureClientPort is not set (org.apache.zookeeper.server.quorum.QuorumPeerConfig)
[2022-01-30 16:39:40,577] INFO observerMasterPort is not set (org.apache.zookeeper.server.quorum.QuorumPeerConfig)
[2022-01-30 16:39:40,577] INFO metricsProvider.className is org.apache.zookeeper.metrics.impl.DefaultMetricsProvider (org.apache.zookeeper.server.quorum.QuorumPeerConfig)
[2022-01-30 16:39:40,577] INFO Starting server (org.apache.zookeeper.server.ZooKeeperServerMain)
[2022-01-30 16:39:40,609] INFO ServerMetrics initialized with provider org.apache.zookeeper.metrics.impl.DefaultMetricsProvider@f2f2cc1 (org.apache.zookeeper.server.ServerMetrics)
[2022-01-30 16:39:40,613] INFO zookeeper.snapshot.trust.empty : false (org.apache.zookeeper.server.persistence.FileTxnSnapLog)
[2022-01-30 16:39:40,630] INFO  (org.apache.zookeeper.server.ZooKeeperServer)
[2022-01-30 16:39:40,630] INFO   ______                  _                                           (org.apache.zookeeper.server.ZooKeeperServer)
[2022-01-30 16:39:40,630] INFO  |___  /                 | |                                          (org.apache.zookeeper.server.ZooKeeperServer)
[2022-01-30 16:39:40,630] INFO     / /    ___     ___   | | __   ___    ___   _ __     ___   _ __    (org.apache.zookeeper.server.ZooKeeperServer)
[2022-01-30 16:39:40,631] INFO    / /    / _ \   / _ \  | |/ /  / _ \  / _ \ | '_ \   / _ \ | '__| (org.apache.zookeeper.server.ZooKeeperServer)
[2022-01-30 16:39:40,631] INFO   / /__  | (_) | | (_) | |   <  |  __/ |  __/ | |_) | |  __/ | |     (org.apache.zookeeper.server.ZooKeeperServer)
[2022-01-30 16:39:40,631] INFO  /_____|  \___/   \___/  |_|\_\  \___|  \___| | .__/   \___| |_| (org.apache.zookeeper.server.ZooKeeperServer)
[2022-01-30 16:39:40,631] INFO                                               | |                      (org.apache.zookeeper.server.ZooKeeperServer)
[2022-01-30 16:39:40,631] INFO                                               |_|                      (org.apache.zookeeper.server.ZooKeeperServer)
[2022-01-30 16:39:40,631] INFO  (org.apache.zookeeper.server.ZooKeeperServer)
[2022-01-30 16:39:40,635] INFO Server environment:zookeeper.version=3.6.3--6401e4ad2087061bc6b9f80dec2d69f2e3c8660a, built on 04/08/2021 16:35 GMT (org.apache.zookeeper.server.ZooKeeperServer)
[2022-01-30 16:39:40,635] INFO Server environment:host.name=shandilya-notebook (org.apache.zookeeper.server.ZooKeeperServer)
[2022-01-30 16:39:40,635] INFO Server environment:java.version=11.0.13 (org.apache.zookeeper.server.ZooKeeperServer)
[2022-01-30 16:39:40,635] INFO Server environment:java.vendor=Ubuntu (org.apache.zookeeper.server.ZooKeeperServer)
[2022-01-30 16:39:40,635] INFO Server environment:java.home=/usr/lib/jvm/java-11-openjdk-amd64 (org.apache.zookeeper.server.ZooKeeperServer)
[2022-01-30 16:39:40,635] INFO Server environment:java.class.path=/home/shandilya/Desktop/Projects/Vector/part2/kafka_2.13-3.1.0/bin/../libs/activation-1.1.1.jar:/home/shandilya/Desktop/Projects/Vector/part2/kafka_2.13-3.1.0/bin/../libs/aopalliance-repackaged-2.6.1.jar:/home/shandilya/Desktop/Projects/Vector/part2/kafka_2.13-3.1.0/bin/../libs/argparse4j-0.7.0.jar:/home/shandilya/Desktop/Projects/Vector/part2/kafka_2.13-3.1.0/bin/../libs/audience-annotations-0.5.0.jar:/home/shandilya/Desktop/Projects/Vector/part2/kafka_2.13-3.1.0/bin/../libs/commons-cli-1.4.jar:/home/shandilya/Desktop/Projects/Vector/part2/kafka_2.13-3.1.0/bin/../libs/commons-lang3-3.8.1.jar:/home/shandilya/Desktop/Projects/Vector/part2/kafka_2.13-3.1.0/bin/../libs/connect-api-3.1.0.jar:/home/shandilya/Desktop/Projects/Vector/part2/kafka_2.13-3.1.0/bin/../libs/connect-basic-auth-extension-3.1.0.jar:/home/shandilya/Desktop/Projects/Vector/part2/kafka_2.13-3.1.0/bin/../libs/connect-file-3.1.0.jar:/home/shandilya/Desktop/Projects/Vector/part2/kafka_2.13-3.1.0/bin/../libs/connect-json-3.1.0.jar:/home/shandilya/Desktop/Projects/Vector/part2/kafka_2.13-3.1.0/bin/../libs/connect-mirror-3.1.0.jar:/home/shandilya/Desktop/Projects/Vector/part2/kafka_2.13-3.1.0/bin/../libs/connect-mirror-client-3.1.0.jar:/home/shandilya/Desktop/Projects/Vector/part2/kafka_2.13-3.1.0/bin/../libs/connect-runtime-3.1.0.jar:/home/shandilya/Desktop/Projects/Vector/part2/kafka_2.13-3.1.0/bin/../libs/connect-transforms-3.1.0.jar:/home/shandilya/Desktop/Projects/Vector/part2/kafka_2.13-3.1.0/bin/../libs/hk2-api-2.6.1.jar:/home/shandilya/Desktop/Projects/Vector/part2/kafka_2.13-3.1.0/bin/../libs/hk2-locator-2.6.1.jar:/home/shandilya/Desktop/Projects/Vector/part2/kafka_2.13-3.1.0/bin/../libs/hk2-utils-2.6.1.jar:/home/shandilya/Desktop/Projects/Vector/part2/kafka_2.13-3.1.0/bin/../libs/jackson-annotations-2.12.3.jar:/home/shandilya/Desktop/Projects/Vector/part2/kafka_2.13-3.1.0/bin/../libs/jackson-core-2.12.3.jar:/home/shandilya/Desktop/Projects/Vector/part2/kafka_2.13-3.1.0/bin/../libs/jackson-databind-2.12.3.jar:/home/shandilya/Desktop/Projects/Vector/part2/kafka_2.13-3.1.0/bin/../libs/jackson-dataformat-csv-2.12.3.jar:/home/shandilya/Desktop/Projects/Vector/part2/kafka_2.13-3.1.0/bin/../libs/jackson-datatype-jdk8-2.12.3.jar:/home/shandilya/Desktop/Projects/Vector/part2/kafka_2.13-3.1.0/bin/../libs/jackson-jaxrs-base-2.12.3.jar:/home/shandilya/Desktop/Projects/Vector/part2/kafka_2.13-3.1.0/bin/../libs/jackson-jaxrs-json-provider-2.12.3.jar:/home/shandilya/Desktop/Projects/Vector/part2/kafka_2.13-3.1.0/bin/../libs/jackson-module-jaxb-annotations-2.12.3.jar:/home/shandilya/Desktop/Projects/Vector/part2/kafka_2.13-3.1.0/bin/../libs/jackson-module-scala_2.13-2.12.3.jar:/home/shandilya/Desktop/Projects/Vector/part2/kafka_2.13-3.1.0/bin/../libs/jakarta.activation-api-1.2.1.jar:/home/shandilya/Desktop/Projects/Vector/part2/kafka_2.13-3.1.0/bin/../libs/jakarta.annotation-api-1.3.5.jar:/home/shandilya/Desktop/Projects/Vector/part2/kafka_2.13-3.1.0/bin/../libs/jakarta.inject-2.6.1.jar:/home/shandilya/Desktop/Projects/Vector/part2/kafka_2.13-3.1.0/bin/../libs/jakarta.validation-api-2.0.2.jar:/home/shandilya/Desktop/Projects/Vector/part2/kafka_2.13-3.1.0/bin/../libs/jakarta.ws.rs-api-2.1.6.jar:/home/shandilya/Desktop/Projects/Vector/part2/kafka_2.13-3.1.0/bin/../libs/jakarta.xml.bind-api-2.3.2.jar:/home/shandilya/Desktop/Projects/Vector/part2/kafka_2.13-3.1.0/bin/../libs/javassist-3.27.0-GA.jar:/home/shandilya/Desktop/Projects/Vector/part2/kafka_2.13-3.1.0/bin/../libs/javax.servlet-api-3.1.0.jar:/home/shandilya/Desktop/Projects/Vector/part2/kafka_2.13-3.1.0/bin/../libs/javax.ws.rs-api-2.1.1.jar:/home/shandilya/Desktop/Projects/Vector/part2/kafka_2.13-3.1.0/bin/../libs/jaxb-api-2.3.0.jar:/home/shandilya/Desktop/Projects/Vector/part2/kafka_2.13-3.1.0/bin/../libs/jersey-client-2.34.jar:/home/shandilya/Desktop/Projects/Vector/part2/kafka_2.13-3.1.0/bin/../libs/jersey-common-2.34.jar:/home/shandilya/Desktop/Projects/Vector/part2/kafka_2.13-3.1.0/bin/../libs/jersey-container-servlet-2.34.jar:/home/shandilya/Desktop/Projects/Vector/part2/kafka_2.13-3.1.0/bin/../libs/jersey-container-servlet-core-2.34.jar:/home/shandilya/Desktop/Projects/Vector/part2/kafka_2.13-3.1.0/bin/../libs/jersey-hk2-2.34.jar:/home/shandilya/Desktop/Projects/Vector/part2/kafka_2.13-3.1.0/bin/../libs/jersey-server-2.34.jar:/home/shandilya/Desktop/Projects/Vector/part2/kafka_2.13-3.1.0/bin/../libs/jetty-client-9.4.43.v20210629.jar:/home/shandilya/Desktop/Projects/Vector/part2/kafka_2.13-3.1.0/bin/../libs/jetty-continuation-9.4.43.v20210629.jar:/home/shandilya/Desktop/Projects/Vector/part2/kafka_2.13-3.1.0/bin/../libs/jetty-http-9.4.43.v20210629.jar:/home/shandilya/Desktop/Projects/Vector/part2/kafka_2.13-3.1.0/bin/../libs/jetty-io-9.4.43.v20210629.jar:/home/shandilya/Desktop/Projects/Vector/part2/kafka_2.13-3.1.0/bin/../libs/jetty-security-9.4.43.v20210629.jar:/home/shandilya/Desktop/Projects/Vector/part2/kafka_2.13-3.1.0/bin/../libs/jetty-server-9.4.43.v20210629.jar:/home/shandilya/Desktop/Projects/Vector/part2/kafka_2.13-3.1.0/bin/../libs/jetty-servlet-9.4.43.v20210629.jar:/home/shandilya/Desktop/Projects/Vector/part2/kafka_2.13-3.1.0/bin/../libs/jetty-servlets-9.4.43.v20210629.jar:/home/shandilya/Desktop/Projects/Vector/part2/kafka_2.13-3.1.0/bin/../libs/jetty-util-9.4.43.v20210629.jar:/home/shandilya/Desktop/Projects/Vector/part2/kafka_2.13-3.1.0/bin/../libs/jetty-util-ajax-9.4.43.v20210629.jar:/home/shandilya/Desktop/Projects/Vector/part2/kafka_2.13-3.1.0/bin/../libs/jline-3.12.1.jar:/home/shandilya/Desktop/Projects/Vector/part2/kafka_2.13-3.1.0/bin/../libs/jopt-simple-5.0.4.jar:/home/shandilya/Desktop/Projects/Vector/part2/kafka_2.13-3.1.0/bin/../libs/jose4j-0.7.8.jar:/home/shandilya/Desktop/Projects/Vector/part2/kafka_2.13-3.1.0/bin/../libs/kafka-clients-3.1.0.jar:/home/shandilya/Desktop/Projects/Vector/part2/kafka_2.13-3.1.0/bin/../libs/kafka-log4j-appender-3.1.0.jar:/home/shandilya/Desktop/Projects/Vector/part2/kafka_2.13-3.1.0/bin/../libs/kafka-metadata-3.1.0.jar:/home/shandilya/Desktop/Projects/Vector/part2/kafka_2.13-3.1.0/bin/../libs/kafka-raft-3.1.0.jar:/home/shandilya/Desktop/Projects/Vector/part2/kafka_2.13-3.1.0/bin/../libs/kafka-server-common-3.1.0.jar:/home/shandilya/Desktop/Projects/Vector/part2/kafka_2.13-3.1.0/bin/../libs/kafka-shell-3.1.0.jar:/home/shandilya/Desktop/Projects/Vector/part2/kafka_2.13-3.1.0/bin/../libs/kafka-storage-3.1.0.jar:/home/shandilya/Desktop/Projects/Vector/part2/kafka_2.13-3.1.0/bin/../libs/kafka-storage-api-3.1.0.jar:/home/shandilya/Desktop/Projects/Vector/part2/kafka_2.13-3.1.0/bin/../libs/kafka-streams-3.1.0.jar:/home/shandilya/Desktop/Projects/Vector/part2/kafka_2.13-3.1.0/bin/../libs/kafka-streams-examples-3.1.0.jar:/home/shandilya/Desktop/Projects/Vector/part2/kafka_2.13-3.1.0/bin/../libs/kafka-streams-scala_2.13-3.1.0.jar:/home/shandilya/Desktop/Projects/Vector/part2/kafka_2.13-3.1.0/bin/../libs/kafka-streams-test-utils-3.1.0.jar:/home/shandilya/Desktop/Projects/Vector/part2/kafka_2.13-3.1.0/bin/../libs/kafka-tools-3.1.0.jar:/home/shandilya/Desktop/Projects/Vector/part2/kafka_2.13-3.1.0/bin/../libs/kafka_2.13-3.1.0.jar:/home/shandilya/Desktop/Projects/Vector/part2/kafka_2.13-3.1.0/bin/../libs/log4j-1.2.17.jar:/home/shandilya/Desktop/Projects/Vector/part2/kafka_2.13-3.1.0/bin/../libs/lz4-java-1.8.0.jar:/home/shandilya/Desktop/Projects/Vector/part2/kafka_2.13-3.1.0/bin/../libs/maven-artifact-3.8.1.jar:/home/shandilya/Desktop/Projects/Vector/part2/kafka_2.13-3.1.0/bin/../libs/metrics-core-2.2.0.jar:/home/shandilya/Desktop/Projects/Vector/part2/kafka_2.13-3.1.0/bin/../libs/metrics-core-4.1.12.1.jar:/home/shandilya/Desktop/Projects/Vector/part2/kafka_2.13-3.1.0/bin/../libs/netty-buffer-4.1.68.Final.jar:/home/shandilya/Desktop/Projects/Vector/part2/kafka_2.13-3.1.0/bin/../libs/netty-codec-4.1.68.Final.jar:/home/shandilya/Desktop/Projects/Vector/part2/kafka_2.13-3.1.0/bin/../libs/netty-common-4.1.68.Final.jar:/home/shandilya/Desktop/Projects/Vector/part2/kafka_2.13-3.1.0/bin/../libs/netty-handler-4.1.68.Final.jar:/home/shandilya/Desktop/Projects/Vector/part2/kafka_2.13-3.1.0/bin/../libs/netty-resolver-4.1.68.Final.jar:/home/shandilya/Desktop/Projects/Vector/part2/kafka_2.13-3.1.0/bin/../libs/netty-transport-4.1.68.Final.jar:/home/shandilya/Desktop/Projects/Vector/part2/kafka_2.13-3.1.0/bin/../libs/netty-transport-native-epoll-4.1.68.Final.jar:/home/shandilya/Desktop/Projects/Vector/part2/kafka_2.13-3.1.0/bin/../libs/netty-transport-native-unix-common-4.1.68.Final.jar:/home/shandilya/Desktop/Projects/Vector/part2/kafka_2.13-3.1.0/bin/../libs/osgi-resource-locator-1.0.3.jar:/home/shandilya/Desktop/Projects/Vector/part2/kafka_2.13-3.1.0/bin/../libs/paranamer-2.8.jar:/home/shandilya/Desktop/Projects/Vector/part2/kafka_2.13-3.1.0/bin/../libs/plexus-utils-3.2.1.jar:/home/shandilya/Desktop/Projects/Vector/part2/kafka_2.13-3.1.0/bin/../libs/reflections-0.9.12.jar:/home/shandilya/Desktop/Projects/Vector/part2/kafka_2.13-3.1.0/bin/../libs/rocksdbjni-6.22.1.1.jar:/home/shandilya/Desktop/Projects/Vector/part2/kafka_2.13-3.1.0/bin/../libs/scala-collection-compat_2.13-2.4.4.jar:/home/shandilya/Desktop/Projects/Vector/part2/kafka_2.13-3.1.0/bin/../libs/scala-java8-compat_2.13-1.0.0.jar:/home/shandilya/Desktop/Projects/Vector/part2/kafka_2.13-3.1.0/bin/../libs/scala-library-2.13.6.jar:/home/shandilya/Desktop/Projects/Vector/part2/kafka_2.13-3.1.0/bin/../libs/scala-logging_2.13-3.9.3.jar:/home/shandilya/Desktop/Projects/Vector/part2/kafka_2.13-3.1.0/bin/../libs/scala-reflect-2.13.6.jar:/home/shandilya/Desktop/Projects/Vector/part2/kafka_2.13-3.1.0/bin/../libs/slf4j-api-1.7.30.jar:/home/shandilya/Desktop/Projects/Vector/part2/kafka_2.13-3.1.0/bin/../libs/slf4j-log4j12-1.7.30.jar:/home/shandilya/Desktop/Projects/Vector/part2/kafka_2.13-3.1.0/bin/../libs/snappy-java-1.1.8.4.jar:/home/shandilya/Desktop/Projects/Vector/part2/kafka_2.13-3.1.0/bin/../libs/trogdor-3.1.0.jar:/home/shandilya/Desktop/Projects/Vector/part2/kafka_2.13-3.1.0/bin/../libs/zookeeper-3.6.3.jar:/home/shandilya/Desktop/Projects/Vector/part2/kafka_2.13-3.1.0/bin/../libs/zookeeper-jute-3.6.3.jar:/home/shandilya/Desktop/Projects/Vector/part2/kafka_2.13-3.1.0/bin/../libs/zstd-jni-1.5.0-4.jar (org.apache.zookeeper.server.ZooKeeperServer)
[2022-01-30 16:39:40,636] INFO Server environment:java.library.path=:/home/shandilya/.mujoco/mjpro150/bin:/usr/java/packages/lib:/usr/lib/x86_64-linux-gnu/jni:/lib/x86_64-linux-gnu:/usr/lib/x86_64-linux-gnu:/usr/lib/jni:/lib:/usr/lib (org.apache.zookeeper.server.ZooKeeperServer)
[2022-01-30 16:39:40,636] INFO Server environment:java.io.tmpdir=/tmp (org.apache.zookeeper.server.ZooKeeperServer)
[2022-01-30 16:39:40,636] INFO Server environment:java.compiler=<NA> (org.apache.zookeeper.server.ZooKeeperServer)
[2022-01-30 16:39:40,636] INFO Server environment:os.name=Linux (org.apache.zookeeper.server.ZooKeeperServer)
[2022-01-30 16:39:40,636] INFO Server environment:os.arch=amd64 (org.apache.zookeeper.server.ZooKeeperServer)
[2022-01-30 16:39:40,636] INFO Server environment:os.version=5.13.0-27-generic (org.apache.zookeeper.server.ZooKeeperServer)
[2022-01-30 16:39:40,636] INFO Server environment:user.name=shandilya (org.apache.zookeeper.server.ZooKeeperServer)
[2022-01-30 16:39:40,636] INFO Server environment:user.home=/home/shandilya (org.apache.zookeeper.server.ZooKeeperServer)
[2022-01-30 16:39:40,636] INFO Server environment:user.dir=/home/shandilya/Desktop/Projects/Vector/part2 (org.apache.zookeeper.server.ZooKeeperServer)
[2022-01-30 16:39:40,636] INFO Server environment:os.memory.free=490MB (org.apache.zookeeper.server.ZooKeeperServer)
[2022-01-30 16:39:40,636] INFO Server environment:os.memory.max=512MB (org.apache.zookeeper.server.ZooKeeperServer)
[2022-01-30 16:39:40,636] INFO Server environment:os.memory.total=512MB (org.apache.zookeeper.server.ZooKeeperServer)
[2022-01-30 16:39:40,636] INFO zookeeper.enableEagerACLCheck = false (org.apache.zookeeper.server.ZooKeeperServer)
[2022-01-30 16:39:40,637] INFO zookeeper.digest.enabled = true (org.apache.zookeeper.server.ZooKeeperServer)
[2022-01-30 16:39:40,637] INFO zookeeper.closeSessionTxn.enabled = true (org.apache.zookeeper.server.ZooKeeperServer)
[2022-01-30 16:39:40,637] INFO zookeeper.flushDelay=0 (org.apache.zookeeper.server.ZooKeeperServer)
[2022-01-30 16:39:40,637] INFO zookeeper.maxWriteQueuePollTime=0 (org.apache.zookeeper.server.ZooKeeperServer)
[2022-01-30 16:39:40,637] INFO zookeeper.maxBatchSize=1000 (org.apache.zookeeper.server.ZooKeeperServer)
[2022-01-30 16:39:40,637] INFO zookeeper.intBufferStartingSizeBytes = 1024 (org.apache.zookeeper.server.ZooKeeperServer)
[2022-01-30 16:39:40,638] INFO Weighed connection throttling is disabled (org.apache.zookeeper.server.BlueThrottle)
[2022-01-30 16:39:40,639] INFO minSessionTimeout set to 6000 (org.apache.zookeeper.server.ZooKeeperServer)
[2022-01-30 16:39:40,640] INFO maxSessionTimeout set to 60000 (org.apache.zookeeper.server.ZooKeeperServer)
[2022-01-30 16:39:40,641] INFO Response cache size is initialized with value 400. (org.apache.zookeeper.server.ResponseCache)
[2022-01-30 16:39:40,641] INFO Response cache size is initialized with value 400. (org.apache.zookeeper.server.ResponseCache)
[2022-01-30 16:39:40,642] INFO zookeeper.pathStats.slotCapacity = 60 (org.apache.zookeeper.server.util.RequestPathMetricsCollector)
[2022-01-30 16:39:40,642] INFO zookeeper.pathStats.slotDuration = 15 (org.apache.zookeeper.server.util.RequestPathMetricsCollector)
[2022-01-30 16:39:40,642] INFO zookeeper.pathStats.maxDepth = 6 (org.apache.zookeeper.server.util.RequestPathMetricsCollector)
[2022-01-30 16:39:40,643] INFO zookeeper.pathStats.initialDelay = 5 (org.apache.zookeeper.server.util.RequestPathMetricsCollector)
[2022-01-30 16:39:40,643] INFO zookeeper.pathStats.delay = 5 (org.apache.zookeeper.server.util.RequestPathMetricsCollector)
[2022-01-30 16:39:40,643] INFO zookeeper.pathStats.enabled = false (org.apache.zookeeper.server.util.RequestPathMetricsCollector)
[2022-01-30 16:39:40,649] INFO The max bytes for all large requests are set to 104857600 (org.apache.zookeeper.server.ZooKeeperServer)
[2022-01-30 16:39:40,649] INFO The large request threshold is set to -1 (org.apache.zookeeper.server.ZooKeeperServer)
[2022-01-30 16:39:40,649] INFO Created server with tickTime 3000 minSessionTimeout 6000 maxSessionTimeout 60000 clientPortListenBacklog -1 datadir /tmp/zookeeper/version-2 snapdir /tmp/zookeeper/version-2 (org.apache.zookeeper.server.ZooKeeperServer)
[2022-01-30 16:39:40,664] INFO Using org.apache.zookeeper.server.NIOServerCnxnFactory as server connection factory (org.apache.zookeeper.server.ServerCnxnFactory)
[2022-01-30 16:39:40,665] WARN maxCnxns is not configured, using default value 0. (org.apache.zookeeper.server.ServerCnxnFactory)
[2022-01-30 16:39:40,667] INFO Configuring NIO connection handler with 10s sessionless connection timeout, 1 selector thread(s), 8 worker threads, and 64 kB direct buffers. (org.apache.zookeeper.server.NIOServerCnxnFactory)
[2022-01-30 16:39:40,674] INFO binding to port 0.0.0.0/0.0.0.0:2181 (org.apache.zookeeper.server.NIOServerCnxnFactory)
[2022-01-30 16:39:40,701] INFO Using org.apache.zookeeper.server.watch.WatchManager as watch manager (org.apache.zookeeper.server.watch.WatchManagerFactory)
[2022-01-30 16:39:40,701] INFO Using org.apache.zookeeper.server.watch.WatchManager as watch manager (org.apache.zookeeper.server.watch.WatchManagerFactory)
[2022-01-30 16:39:40,702] INFO zookeeper.snapshotSizeFactor = 0.33 (org.apache.zookeeper.server.ZKDatabase)
[2022-01-30 16:39:40,702] INFO zookeeper.commitLogCount=500 (org.apache.zookeeper.server.ZKDatabase)
[2022-01-30 16:39:40,708] INFO zookeeper.snapshot.compression.method = CHECKED (org.apache.zookeeper.server.persistence.SnapStream)
[2022-01-30 16:39:40,709] INFO Reading snapshot /tmp/zookeeper/version-2/snapshot.23 (org.apache.zookeeper.server.persistence.FileSnap)
[2022-01-30 16:39:40,716] INFO The digest value is empty in snapshot (org.apache.zookeeper.server.DataTree)
[2022-01-30 16:39:40,768] INFO ZooKeeper audit is disabled. (org.apache.zookeeper.audit.ZKAuditProvider)
[2022-01-30 16:39:40,768] INFO 18 txns loaded in 13 ms (org.apache.zookeeper.server.persistence.FileTxnSnapLog)
[2022-01-30 16:39:40,769] INFO Snapshot loaded in 66 ms, highest zxid is 0x35, digest is 54569190256 (org.apache.zookeeper.server.ZKDatabase)
[2022-01-30 16:39:40,769] INFO Snapshotting: 0x35 to /tmp/zookeeper/version-2/snapshot.35 (org.apache.zookeeper.server.persistence.FileTxnSnapLog)
[2022-01-30 16:39:40,771] INFO Snapshot taken in 2 ms (org.apache.zookeeper.server.ZooKeeperServer)
[2022-01-30 16:39:40,791] INFO zookeeper.request_throttler.shutdownTimeout = 10000 (org.apache.zookeeper.server.RequestThrottler)
[2022-01-30 16:39:40,791] INFO PrepRequestProcessor (sid:0) started, reconfigEnabled=false (org.apache.zookeeper.server.PrepRequestProcessor)
[2022-01-30 16:39:40,825] INFO Using checkIntervalMs=60000 maxPerMinute=10000 maxNeverUsedIntervalMs=0 (org.apache.zookeeper.server.ContainerManager)
[2022-01-30 16:39:41,608] INFO Creating new log file: log.36 (org.apache.zookeeper.server.persistence.FileTxnLog)
